0 info it worked if it ends with ok
1 verbose cli [ 'node', '/usr/local/bin/npm', 'install', 'firebase' ]
2 info using npm@1.4.28
3 info using node@v0.10.33
4 verbose readDependencies using package.json deps
5 verbose cache add [ 'firebase', null ]
6 verbose cache add name=undefined spec="firebase" args=["firebase",null]
7 verbose parsed url { protocol: null,
7 verbose parsed url   slashes: null,
7 verbose parsed url   auth: null,
7 verbose parsed url   host: null,
7 verbose parsed url   port: null,
7 verbose parsed url   hostname: null,
7 verbose parsed url   hash: null,
7 verbose parsed url   search: null,
7 verbose parsed url   query: null,
7 verbose parsed url   pathname: 'firebase',
7 verbose parsed url   path: 'firebase',
7 verbose parsed url   href: 'firebase' }
8 silly lockFile 92f5e8df-firebase firebase
9 verbose lock firebase /Users/LKS/.npm/92f5e8df-firebase.lock
10 silly lockFile 92f5e8df-firebase firebase
11 silly lockFile 92f5e8df-firebase firebase
12 verbose addNamed [ 'firebase', '' ]
13 verbose addNamed [ null, '*' ]
14 silly lockFile 2bddc103-firebase firebase@
15 verbose lock firebase@ /Users/LKS/.npm/2bddc103-firebase.lock
16 silly addNameRange { name: 'firebase', range: '*', hasData: false }
17 verbose request where is /firebase
18 verbose request registry https://registry.npmjs.org/
19 verbose request id 5c309daa234359fe
20 verbose url raw /firebase
21 verbose url resolving [ 'https://registry.npmjs.org/', './firebase' ]
22 verbose url resolved https://registry.npmjs.org/firebase
23 verbose request where is https://registry.npmjs.org/firebase
24 info trying registry request attempt 1 at 01:03:38
25 verbose etag "7EZT3LRGTXNC2E9UVK5YW4Z8J"
26 http GET https://registry.npmjs.org/firebase
27 http 304 https://registry.npmjs.org/firebase
28 silly registry.get cb [ 304,
28 silly registry.get   { date: 'Sun, 21 Dec 2014 01:03:39 GMT',
28 silly registry.get     server: 'Apache',
28 silly registry.get     via: '1.1 varnish',
28 silly registry.get     'last-modified': 'Sun, 21 Dec 2014 01:03:39 GMT',
28 silly registry.get     'cache-control': 'max-age=60',
28 silly registry.get     etag: '"7EZT3LRGTXNC2E9UVK5YW4Z8J"',
28 silly registry.get     age: '0',
28 silly registry.get     'x-served-by': 'cache-lcy1124-LCY',
28 silly registry.get     'x-cache': 'MISS',
28 silly registry.get     'x-cache-hits': '0',
28 silly registry.get     'x-timer': 'S1419123819.382919,VS0,VE89',
28 silly registry.get     vary: 'Accept',
28 silly registry.get     'content-length': '0',
28 silly registry.get     'keep-alive': 'timeout=10, max=50',
28 silly registry.get     connection: 'Keep-Alive' } ]
29 verbose etag https://registry.npmjs.org/firebase from cache
30 silly addNameRange number 2 { name: 'firebase', range: '*', hasData: true }
31 silly addNameRange versions [ 'firebase',
31 silly addNameRange   [ '0.0.0',
31 silly addNameRange     '0.5.0',
31 silly addNameRange     '0.5.1',
31 silly addNameRange     '0.5.2',
31 silly addNameRange     '0.5.3',
31 silly addNameRange     '0.5.4',
31 silly addNameRange     '0.6.0',
31 silly addNameRange     '0.6.1',
31 silly addNameRange     '0.6.2',
31 silly addNameRange     '0.6.3',
31 silly addNameRange     '0.6.4',
31 silly addNameRange     '0.6.5',
31 silly addNameRange     '0.6.6',
31 silly addNameRange     '0.6.7',
31 silly addNameRange     '0.6.8',
31 silly addNameRange     '0.6.9',
31 silly addNameRange     '0.6.10',
31 silly addNameRange     '0.6.11',
31 silly addNameRange     '0.6.14',
31 silly addNameRange     '0.6.15',
31 silly addNameRange     '0.6.16',
31 silly addNameRange     '0.6.17',
31 silly addNameRange     '0.6.19',
31 silly addNameRange     '0.6.21',
31 silly addNameRange     '0.6.22',
31 silly addNameRange     '1.0.1',
31 silly addNameRange     '1.0.1-npm',
31 silly addNameRange     '1.0.2',
31 silly addNameRange     '1.0.3',
31 silly addNameRange     '1.0.4',
31 silly addNameRange     '1.0.5',
31 silly addNameRange     '1.0.10',
31 silly addNameRange     '1.0.10-2',
31 silly addNameRange     '1.0.11',
31 silly addNameRange     '1.0.12',
31 silly addNameRange     '1.0.13',
31 silly addNameRange     '1.0.14',
31 silly addNameRange     '1.0.15',
31 silly addNameRange     '1.0.15-2',
31 silly addNameRange     '1.0.15-3',
31 silly addNameRange     '1.0.17',
31 silly addNameRange     '1.0.18',
31 silly addNameRange     '1.0.19',
31 silly addNameRange     '1.0.20',
31 silly addNameRange     '1.0.21',
31 silly addNameRange     '1.0.23',
31 silly addNameRange     '1.0.24',
31 silly addNameRange     '1.1.0',
31 silly addNameRange     '1.1.1',
31 silly addNameRange     '1.1.2',
31 silly addNameRange     '1.2.0-beta.1-0',
31 silly addNameRange     '1.2.0-beta.2',
31 silly addNameRange     '1.1.3',
31 silly addNameRange     '1.2.0-beta.3',
31 silly addNameRange     '2.0.0',
31 silly addNameRange     '2.0.1',
31 silly addNameRange     '2.0.2',
31 silly addNameRange     '2.0.3',
31 silly addNameRange     '2.0.4',
31 silly addNameRange     '2.0.5',
31 silly addNameRange     '2.0.6' ] ]
32 verbose addNamed [ 'firebase', '2.0.6' ]
33 verbose addNamed [ '2.0.6', '2.0.6' ]
34 silly lockFile 1ddaac7e-firebase-2-0-6 firebase@2.0.6
35 verbose lock firebase@2.0.6 /Users/LKS/.npm/1ddaac7e-firebase-2-0-6.lock
36 silly lockFile 9ddda215--org-firebase-firebase-2-0-6-tgz https://registry.npmjs.org/firebase/-/firebase-2.0.6.tgz
37 verbose lock https://registry.npmjs.org/firebase/-/firebase-2.0.6.tgz /Users/LKS/.npm/9ddda215--org-firebase-firebase-2-0-6-tgz.lock
38 verbose addRemoteTarball [ 'https://registry.npmjs.org/firebase/-/firebase-2.0.6.tgz',
38 verbose addRemoteTarball   '83b4753e5596995150ae0892d963153fc1490436' ]
39 info retry fetch attempt 1 at 01:03:39
40 verbose fetch to= /var/folders/_8/s0byf7mn0yx4k13pbh0j82vh0000gn/T/npm-11569-1kTPrEIa/registry.npmjs.org/firebase/-/firebase-2.0.6.tgz
41 http GET https://registry.npmjs.org/firebase/-/firebase-2.0.6.tgz
42 http 200 https://registry.npmjs.org/firebase/-/firebase-2.0.6.tgz
43 silly lockFile 9ddda215--org-firebase-firebase-2-0-6-tgz https://registry.npmjs.org/firebase/-/firebase-2.0.6.tgz
44 silly lockFile 9ddda215--org-firebase-firebase-2-0-6-tgz https://registry.npmjs.org/firebase/-/firebase-2.0.6.tgz
45 silly lockFile 1ddaac7e-firebase-2-0-6 firebase@2.0.6
46 silly lockFile 1ddaac7e-firebase-2-0-6 firebase@2.0.6
47 silly lockFile 2bddc103-firebase firebase@
48 silly lockFile 2bddc103-firebase firebase@
49 error Error: EACCES, mkdir '/Users/LKS/.npm/firebase/2.0.6'
49 error  { [Error: EACCES, mkdir '/Users/LKS/.npm/firebase/2.0.6']
49 error   errno: 3,
49 error   code: 'EACCES',
49 error   path: '/Users/LKS/.npm/firebase/2.0.6' }
50 error Please try running this command again as root/Administrator.
51 error System Darwin 13.3.0
52 error command "node" "/usr/local/bin/npm" "install" "firebase"
53 error cwd /Users/LKS/Sites/GetCourseData
54 error node -v v0.10.33
55 error npm -v 1.4.28
56 error path /Users/LKS/.npm/firebase/2.0.6
57 error code EACCES
58 error errno 3
59 error stack Error: EACCES, mkdir '/Users/LKS/.npm/firebase/2.0.6'
60 verbose exit [ 3, true ]
